<?xml version="1.0" encoding="UTF-8"?>
<!-- Generated by org.testng.reporters.JUnitXMLReporter -->
<testsuite ignored="0" hostname="DESKTOP-VO2OVCA" failures="0" tests="3" name="Default test" time="0.075" errors="0" timestamp="2023-12-25T09:46:41 IST">
  <testcase classname="Verification.DemoPractice" name="testA" time="0.005"/>
  <testcase classname="Verification.DemoPractice" name="testB" time="0.004"/>
  <testcase classname="Verification.DemoPractice" name="testC" time="0.001"/>
</testsuite> <!-- Default test -->
