<?xml version="1.0" encoding="UTF-8"?>
<!-- Generated by org.testng.reporters.JUnitXMLReporter -->
<testsuite ignored="0" hostname="DESKTOP-VO2OVCA" failures="0" tests="2" name="FirefoxBrowser" time="0.055" errors="0" timestamp="2024-01-02T10:27:43 IST">
  <testcase classname="Verification.VerifyTheActiTime" name="VerifyTheTask" time="0.0">
    <skipped/>
  </testcase> <!-- VerifyTheTask -->
  <testcase classname="Verification.VerifyTheActiTime" name="VerifyTheReports" time="0.0">
    <skipped/>
  </testcase> <!-- VerifyTheReports -->
</testsuite> <!-- FirefoxBrowser -->
